Arguments: 
  /snap/node/5322/bin/node /snap/node/5322/bin/yarn.js config get registry

PATH: 
  /home/developer/.npm/_npx/41931/bin:/home/developer/bin:/usr/local/sbin:/usr/local/bin:/usr/sbin:/usr/bin:/sbin:/bin:/usr/games:/usr/local/games:/snap/bin:/snap/bin:/home/developer/Android/Sdk/emulator:/home/developer/Android/Sdk/tools:/home/developer/Android/Sdk/tools/bin:/home/developer/Android/Sdk/platform-tools:/home/developer/Android/Sdk/emulator:/home/developer/Android/Sdk/tools:/home/developer/Android/Sdk/tools/bin:/home/developer/Android/Sdk/platform-tools

Yarn version: 
  1.22.5

Node version: 
  14.17.6

Platform: 
  linux x64

Trace: 
  Error: EACCES: permission denied, write
      at writeSync (fs.js:733:3)
      at SyncWriteStream._write (internal/fs/sync_write_stream.js:24:3)
      at writeOrBuffer (internal/streams/writable.js:358:12)
      at SyncWriteStream.Writable.write (internal/streams/writable.js:303:10)
      at ConsoleReporter._log (/snap/node/5322/lib/cli.js:96770:17)
      at ConsoleReporter.log (/snap/node/5322/lib/cli.js:96758:10)
      at get (/snap/node/5322/lib/cli.js:87536:14)
      at Object.<anonymous> (/snap/node/5322/lib/cli.js:25940:25)
      at Generator.next (<anonymous>)
      at step (/snap/node/5322/lib/cli.js:310:30)

npm manifest: 
  {
    "name": "vazhalikkavu-devaswom",
    "version": "0.1.0",
    "private": true
  }

yarn manifest: 
  No manifest

Lockfile: 
  No lockfile
